<?xml version="1.0" encoding="UTF-8"?>
<!-- Generated by org.testng.reporters.JUnitReportReporter -->
<testsuite hostname="rocky" failures="0" tests="1" name="chromeoptions.IncognitoMode" time="13.670" errors="0" timestamp="2022-12-20T15:23:10 IST" skipped="0">
  <testcase classname="chromeoptions.IncognitoMode" name="demo" time="13.670"/>
  <system-out/>
</testsuite> <!-- chromeoptions.IncognitoMode -->
