<?xml version="1.0" encoding="UTF-8"?>
<!-- Generated by org.testng.reporters.JUnitReportReporter -->
<testsuite hostname="rocky" failures="0" tests="2" name="groupExecution.ThirdTest" time="0.017" errors="0" timestamp="2022-12-27T15:57:32 IST" skipped="0">
  <testcase classname="groupExecution.ThirdTest" name="third2Test" time="0.002"/>
  <system-out>
    <![CDATA[Third2 Test]]>
  </system-out>
  <testcase classname="groupExecution.ThirdTest" name="third1Test" time="0.015"/>
  <system-out>
    <![CDATA[Third1 Test]]>
  </system-out>
</testsuite> <!-- groupExecution.ThirdTest -->
