<?xml version="1.0" encoding="UTF-8"?>
<!-- Generated by org.testng.reporters.JUnitReportReporter -->
<testsuite hostname="rocky" failures="0" tests="1" name="chromeoptions.DisabledNotifications" time="10.001" errors="0" timestamp="2022-12-20T15:06:52 IST" skipped="0">
  <testcase classname="chromeoptions.DisabledNotifications" name="demo" time="10.001"/>
  <system-out/>
</testsuite> <!-- chromeoptions.DisabledNotifications -->
