<?xml version="1.0" encoding="UTF-8"?>
<!-- Generated by org.testng.reporters.JUnitReportReporter -->
<testsuite hostname="rocky" failures="0" tests="3" name="groupExecution.SecondTest" time="0.004" errors="0" timestamp="2022-12-27T15:57:32 IST" skipped="0">
  <testcase classname="groupExecution.SecondTest" name="second3Test" time="0.001"/>
  <system-out>
    <![CDATA[Second3 Test]]>
  </system-out>
  <testcase classname="groupExecution.SecondTest" name="second1Test" time="0.002"/>
  <system-out>
    <![CDATA[Second1 Test]]>
  </system-out>
  <testcase classname="groupExecution.SecondTest" name="second2Test" time="0.001"/>
  <system-out>
    <![CDATA[Second2 Test]]>
  </system-out>
</testsuite> <!-- groupExecution.SecondTest -->
