<?xml version="1.0" encoding="UTF-8"?>
<!-- Generated by org.testng.reporters.JUnitReportReporter -->
<testsuite hostname="rocky" failures="0" tests="1" name="batchExecution.FristTest" time="0.019" errors="0" timestamp="2022-12-27T15:10:40 IST" skipped="0">
  <testcase classname="batchExecution.FristTest" name="fristTest" time="0.019"/>
  <system-out>
    <![CDATA[Frist Test]]>
  </system-out>
</testsuite> <!-- batchExecution.FristTest -->
