<?xml version="1.0" encoding="UTF-8"?>
<!-- Generated by org.testng.reporters.JUnitReportReporter -->
<testsuite hostname="rocky" failures="0" tests="1" name="distributedParallel.SixthTest" time="0.004" errors="0" timestamp="2022-12-28T15:28:18 IST" skipped="0">
  <testcase classname="distributedParallel.SixthTest" name="sixthTest" time="0.004"/>
  <system-out>
    <![CDATA[Sixth Test]]>
  </system-out>
</testsuite> <!-- distributedParallel.SixthTest -->
