<?xml version="1.0" encoding="UTF-8"?>
<!-- Generated by org.testng.reporters.JUnitReportReporter -->
<testsuite hostname="rocky" failures="0" tests="1" name="distributedParallel.ThirdTest" time="0.029" errors="0" timestamp="2022-12-28T15:28:18 IST" skipped="0">
  <testcase classname="distributedParallel.ThirdTest" name="thirdTest" time="0.029"/>
  <system-out>
    <![CDATA[Third Test]]>
  </system-out>
</testsuite> <!-- distributedParallel.ThirdTest -->
