<?xml version="1.0" encoding="UTF-8"?>
<!-- Generated by org.testng.reporters.JUnitReportReporter -->
<testsuite hostname="rocky" failures="0" tests="1" name="distributedParallel.FifthTest" time="0.019" errors="0" timestamp="2022-12-28T15:28:18 IST" skipped="0">
  <testcase classname="distributedParallel.FifthTest" name="fifthTest" time="0.019"/>
  <system-out>
    <![CDATA[Fifth Test]]>
  </system-out>
</testsuite> <!-- distributedParallel.FifthTest -->
