<?xml version="1.0" encoding="UTF-8"?>
<!-- Generated by org.testng.reporters.JUnitReportReporter -->
<testsuite hostname="rocky" failures="0" tests="1" name="chromeoptions.AllowMediaAccess" time="12.362" errors="0" timestamp="2022-12-20T15:40:41 IST" skipped="0">
  <testcase classname="chromeoptions.AllowMediaAccess" name="demo" time="12.362"/>
  <system-out/>
</testsuite> <!-- chromeoptions.AllowMediaAccess -->
