<?xml version="1.0" encoding="UTF-8"?>
<!-- Generated by org.testng.reporters.JUnitReportReporter -->
<testsuite hostname="rocky" failures="0" tests="1" name="chromeoptions.HeadlessMode" time="17.220" errors="0" timestamp="2022-12-20T15:15:05 IST" skipped="0">
  <testcase classname="chromeoptions.HeadlessMode" name="demo" time="17.220"/>
  <system-out/>
</testsuite> <!-- chromeoptions.HeadlessMode -->
