<?xml version="1.0" encoding="UTF-8"?>
<!-- Generated by org.testng.reporters.JUnitReportReporter -->
<testsuite hostname="rocky" failures="0" tests="5" name="unitRegressionTesting.Practice1" time="0.023" errors="0" timestamp="2023-01-07T13:09:18 IST" skipped="0">
  <testcase classname="unitRegressionTesting.Practice1" name="practice3" time="0.001"/>
  <system-out>
    <![CDATA[Practice3]]>
  </system-out>
  <testcase classname="unitRegressionTesting.Practice1" name="practice2" time="0.002"/>
  <system-out>
    <![CDATA[Practice2]]>
  </system-out>
  <testcase classname="unitRegressionTesting.Practice1" name="practice1" time="0.015"/>
  <system-out>
    <![CDATA[Practice1]]>
  </system-out>
  <testcase classname="unitRegressionTesting.Practice1" name="practice4" time="0.003"/>
  <system-out>
    <![CDATA[Practice4]]>
  </system-out>
  <testcase classname="unitRegressionTesting.Practice1" name="practice5" time="0.002"/>
  <system-out>
    <![CDATA[Practice5]]>
  </system-out>
</testsuite> <!-- unitRegressionTesting.Practice1 -->
