<?xml version="1.0" encoding="UTF-8"?>
<!-- Generated by org.testng.reporters.JUnitReportReporter -->
<testsuite hostname="rocky" failures="0" tests="1" name="batchExecution.SecondTest" time="0.002" errors="0" timestamp="2022-12-27T15:10:40 IST" skipped="0">
  <testcase classname="batchExecution.SecondTest" name="secondTest" time="0.002"/>
  <system-out>
    <![CDATA[Second Test]]>
  </system-out>
</testsuite> <!-- batchExecution.SecondTest -->
