<?xml version="1.0" encoding="UTF-8"?>
<!-- Generated by org.testng.reporters.JUnitReportReporter -->
<testsuite hostname="rocky" failures="0" tests="3" name="testNG.EnabledPracticeTest" time="0.019" errors="0" timestamp="2022-12-27T14:34:09 IST" skipped="1">
  <testcase classname="testNG.EnabledPracticeTest" name="a" time="0.016"/>
  <system-out>
    <![CDATA[test a]]>
  </system-out>
  <testcase classname="testNG.EnabledPracticeTest" name="c" time="0.003"/>
  <system-out>
    <![CDATA[test c]]>
  </system-out>
  <testcase classname="testNG.EnabledPracticeTest" name="b">
    <skipped/>
  </testcase> <!-- b -->
  <system-out/>
</testsuite> <!-- testNG.EnabledPracticeTest -->
