<?xml version="1.0" encoding="UTF-8"?>
<!-- Generated by org.testng.reporters.JUnitReportReporter -->
<testsuite hostname="rocky" failures="0" tests="1" name="chromeoptions.RemoveAutomationMsgBar" time="15.730" errors="0" timestamp="2022-12-20T15:38:31 IST" skipped="0">
  <testcase classname="chromeoptions.RemoveAutomationMsgBar" name="demo" time="15.730"/>
  <system-out/>
</testsuite> <!-- chromeoptions.RemoveAutomationMsgBar -->
