<?xml version="1.0" encoding="UTF-8"?>
<!-- Generated by org.testng.reporters.JUnitReportReporter -->
<testsuite hostname="rocky" failures="0" tests="1" name="dataProvider.PracticeTest" time="0.000" errors="0" timestamp="2022-12-29T14:50:06 IST" skipped="1">
  <testcase classname="dataProvider.PracticeTest" name="demo" time="0.000">
    <skipped/>
  </testcase> <!-- demo -->
  <system-out/>
</testsuite> <!-- dataProvider.PracticeTest -->
