<?xml version="1.0" encoding="UTF-8"?>
<!-- Generated by org.testng.reporters.JUnitReportReporter -->
<testsuite hostname="rocky" failures="0" tests="3" name="groupExecution.FristTest" time="0.004" errors="0" timestamp="2022-12-27T15:57:32 IST" skipped="0">
  <testcase classname="groupExecution.FristTest" name="frist1Test" time="0.001"/>
  <system-out>
    <![CDATA[Frist1 Test]]>
  </system-out>
  <testcase classname="groupExecution.FristTest" name="frist2Test" time="0.001"/>
  <system-out>
    <![CDATA[Frist2 Test]]>
  </system-out>
  <testcase classname="groupExecution.FristTest" name="frist3Test" time="0.002"/>
  <system-out>
    <![CDATA[Frist3 Test]]>
  </system-out>
</testsuite> <!-- groupExecution.FristTest -->
