<?xml version="1.0" encoding="UTF-8"?>
<!-- Generated by org.testng.reporters.JUnitReportReporter -->
<testsuite hostname="rocky" failures="0" tests="1" name="javascriptExecutor.HandlingDisabledElement" time="8.492" errors="0" timestamp="2022-12-20T14:41:59 IST" skipped="0">
  <testcase classname="javascriptExecutor.HandlingDisabledElement" name="demo" time="8.492"/>
  <system-out/>
</testsuite> <!-- javascriptExecutor.HandlingDisabledElement -->
